# JRE version: OpenJDK Runtime Environment (11.0.12+7) (build 11.0.12+7-b1504.28-7817840)
# Java VM: OpenJDK 64-Bit Server VM (11.0.12+7-b1504.28-7817840, mixed mode, tiered, compressed oops, g1 gc, windows-amd64)
Heap:
 garbage-first heap   total 133120K, used 72644K [0x0000000080000000, 0x0000000100000000)
  region size 1024K, 2 young (2048K), 2 survivors (2048K)
 Metaspace       used 51455K, capacity 53011K, committed 53248K, reserved 1095680K
  class space    used 6630K, capacity 7145K, committed 7168K, reserved 1048576K
GC Heap History (20 events):
Event: 11.727 GC heap after
{Heap after GC invocations=22 (full 0):
 garbage-first heap   total 76800K, used 41900K [0x0000000080000000, 0x0000000100000000)
  region size 1024K, 2 young (2048K), 2 survivors (2048K)
 Metaspace       used 43368K, capacity 44472K, committed 44800K, reserved 1087488K
  class space    used 5597K, capacity 6029K, committed 6144K, reserved 1048576K
}
Event: 11.924 GC heap before
{Heap before GC invocations=23 (full 0):
 garbage-first heap   total 76800K, used 47020K [0x0000000080000000, 0x0000000100000000)
  region size 1024K, 9 young (9216K), 2 survivors (2048K)
 Metaspace       used 43714K, capacity 44858K, committed 45056K, reserved 1087488K
  class space    used 5650K, capacity 6086K, committed 6144K, reserved 1048576K
}
Event: 11.930 GC heap after
{Heap after GC invocations=24 (full 0):
 garbage-first heap   total 76800K, used 42710K [0x0000000080000000, 0x0000000100000000)
  region size 1024K, 3 young (3072K), 3 survivors (3072K)
 Metaspace       used 43714K, capacity 44858K, committed 45056K, reserved 1087488K
  class space    used 5650K, capacity 6086K, committed 6144K, reserved 1048576K
}
Event: 12.225 GC heap before
{Heap before GC invocations=25 (full 0):
 garbage-first heap   total 76800K, used 60118K [0x0000000080000000, 0x0000000100000000)
  region size 1024K, 18 young (18432K), 3 survivors (3072K)
 Metaspace       used 44311K, capacity 45581K, committed 45696K, reserved 1089536K
  class space    used 5729K, capacity 6217K, committed 6272K, reserved 1048576K
}
Event: 12.234 GC heap after
{Heap after GC invocations=26 (full 0):
 garbage-first heap   total 92160K, used 48991K [0x0000000080000000, 0x0000000100000000)
  region size 1024K, 3 young (3072K), 3 survivors (3072K)
 Metaspace       used 44311K, capacity 45581K, committed 45696K, reserved 1089536K
  class space    used 5729K, capacity 6217K, committed 6272K, reserved 1048576K
}
Event: 12.517 GC heap before
{Heap before GC invocations=27 (full 0):
 garbage-first heap   total 92160K, used 71519K [0x0000000080000000, 0x0000000100000000)
  region size 1024K, 24 young (24576K), 3 survivors (3072K)
 Metaspace       used 45933K, capacity 47182K, committed 47360K, reserved 1089536K
  class space    used 5838K, capacity 6323K, committed 6400K, reserved 1048576K
}
Event: 12.524 GC heap after
{Heap after GC invocations=28 (full 0):
 garbage-first heap   total 92160K, used 50446K [0x0000000080000000, 0x0000000100000000)
  region size 1024K, 2 young (2048K), 2 survivors (2048K)
 Metaspace       used 45933K, capacity 47182K, committed 47360K, reserved 1089536K
  class space    used 5838K, capacity 6323K, committed 6400K, reserved 1048576K
}
Event: 12.817 GC heap before
{Heap before GC invocations=28 (full 0):
 garbage-first heap   total 92160K, used 71950K [0x0000000080000000, 0x0000000100000000)
  region size 1024K, 23 young (23552K), 2 survivors (2048K)
 Metaspace       used 47163K, capacity 48399K, committed 48512K, reserved 1091584K
  class space    used 6047K, capacity 6514K, committed 6528K, reserved 1048576K
}
Event: 12.830 GC heap after
{Heap after GC invocations=29 (full 0):
 garbage-first heap   total 92160K, used 51865K [0x0000000080000000, 0x0000000100000000)
  region size 1024K, 2 young (2048K), 2 survivors (2048K)
 Metaspace       used 47163K, capacity 48399K, committed 48512K, reserved 1091584K
  class space    used 6047K, capacity 6514K, committed 6528K, reserved 1048576K
}
Event: 13.265 GC heap before
{Heap before GC invocations=30 (full 0):
 garbage-first heap   total 92160K, used 76441K [0x0000000080000000, 0x0000000100000000)
  region size 1024K, 22 young (22528K), 2 survivors (2048K)
 Metaspace       used 48706K, capacity 50053K, committed 50176K, reserved 1093632K
  class space    used 6306K, capacity 6789K, committed 6912K, reserved 1048576K
}
Event: 13.271 GC heap after
{Heap after GC invocations=31 (full 0):
 garbage-first heap   total 92160K, used 57922K [0x0000000080000000, 0x0000000100000000)
  region size 1024K, 3 young (3072K), 3 survivors (3072K)
 Metaspace       used 48706K, capacity 50053K, committed 50176K, reserved 1093632K
  class space    used 6306K, capacity 6789K, committed 6912K, reserved 1048576K
}
Event: 13.576 GC heap before
{Heap before GC invocations=31 (full 0):
 garbage-first heap   total 92160K, used 76354K [0x0000000080000000, 0x0000000100000000)
  region size 1024K, 21 young (21504K), 3 survivors (3072K)
 Metaspace       used 49990K, capacity 51434K, committed 51584K, reserved 1093632K
  class space    used 6498K, capacity 6993K, committed 7040K, reserved 1048576K
}
Event: 13.584 GC heap after
{Heap after GC invocations=32 (full 0):
 garbage-first heap   total 110592K, used 58556K [0x0000000080000000, 0x0000000100000000)
  region size 1024K, 3 young (3072K), 3 survivors (3072K)
 Metaspace       used 49990K, capacity 51434K, committed 51584K, reserved 1093632K
  class space    used 6498K, capacity 6993K, committed 7040K, reserved 1048576K
}
Event: 14.720 GC heap before
{Heap before GC invocations=33 (full 0):
 garbage-first heap   total 110592K, used 81084K [0x0000000080000000, 0x0000000100000000)
  region size 1024K, 26 young (26624K), 3 survivors (3072K)
 Metaspace       used 50999K, capacity 52550K, committed 52736K, reserved 1095680K
  class space    used 6586K, capacity 7104K, committed 7168K, reserved 1048576K
}
Event: 14.727 GC heap after
{Heap after GC invocations=34 (full 0):
 garbage-first heap   total 110592K, used 60166K [0x0000000080000000, 0x0000000100000000)
  region size 1024K, 3 young (3072K), 3 survivors (3072K)
 Metaspace       used 50999K, capacity 52550K, committed 52736K, reserved 1095680K
  class space    used 6586K, capacity 7104K, committed 7168K, reserved 1048576K
}
Event: 15.105 GC heap before
{Heap before GC invocations=34 (full 0):
 garbage-first heap   total 110592K, used 73478K [0x0000000080000000, 0x0000000100000000)
  region size 1024K, 18 young (18432K), 3 survivors (3072K)
 Metaspace       used 51407K, capacity 52947K, committed 52992K, reserved 1095680K
  class space    used 6622K, capacity 7145K, committed 7168K, reserved 1048576K
}
Event: 15.115 GC heap after
{Heap after GC invocations=35 (full 0):
 garbage-first heap   total 110592K, used 61163K [0x0000000080000000, 0x0000000100000000)
  region size 1024K, 3 young (3072K), 3 survivors (3072K)
 Metaspace       used 51407K, capacity 52947K, committed 52992K, reserved 1095680K
  class space    used 6622K, capacity 7145K, committed 7168K, reserved 1048576K
}
Event: 15.350 GC heap before
{Heap before GC invocations=36 (full 0):
 garbage-first heap   total 110592K, used 68331K [0x0000000080000000, 0x0000000100000000)
  region size 1024K, 8 young (8192K), 3 survivors (3072K)
 Metaspace       used 51445K, capacity 52947K, committed 52992K, reserved 1095680K
  class space    used 6628K, capacity 7145K, committed 7168K, reserved 1048576K
}
Event: 15.358 GC heap after
{Heap after GC invocations=37 (full 0):
 garbage-first heap   total 110592K, used 67772K [0x0000000080000000, 0x0000000100000000)
  region size 1024K, 4 young (4096K), 4 survivors (4096K)
 Metaspace       used 51445K, capacity 52947K, committed 52992K, reserved 1095680K
  class space    used 6628K, capacity 7145K, committed 7168K, reserved 1048576K
}
Event: 15.554 GC heap before
{Heap before GC invocations=38 (full 0):
 garbage-first heap   total 110592K, used 72892K [0x0000000080000000, 0x0000000100000000)
  region size 1024K, 7 young (7168K), 4 survivors (4096K)
 Metaspace       used 51455K, capacity 53011K, committed 53248K, reserved 1095680K
  class space    used 6630K, capacity 7145K, committed 7168K, reserved 1048576K
}

